Determining if the ntohll exist failed with the following output:
Change Dir: /root/dev/freeDiameter/fDbuild/CMakeFiles/CMakeTmp

Run Build Command:"/usr/bin/gmake" "cmTC_5f941/fast"
/usr/bin/gmake -f CMakeFiles/cmTC_5f941.dir/build.make CMakeFiles/cmTC_5f941.dir/build
gmake[1]: Entering directory '/root/dev/freeDiameter/fDbuild/CMakeFiles/CMakeTmp'
Building C object CMakeFiles/cmTC_5f941.dir/CheckSymbolExists.c.o
/usr/bin/cc     -o CMakeFiles/cmTC_5f941.dir/CheckSymbolExists.c.o   -c /root/dev/freeDiameter/fDbuild/CMakeFiles/CMakeTmp/CheckSymbolExists.c
/root/dev/freeDiameter/fDbuild/CMakeFiles/CMakeTmp/CheckSymbolExists.c: In function ‘main’:
/root/dev/freeDiameter/fDbuild/CMakeFiles/CMakeTmp/CheckSymbolExists.c:7:19: error: ‘ntohll’ undeclared (first use in this function)
   return ((int*)(&ntohll))[argc];
                   ^
/root/dev/freeDiameter/fDbuild/CMakeFiles/CMakeTmp/CheckSymbolExists.c:7:19: note: each undeclared identifier is reported only once for each function it appears in
gmake[1]: *** [CMakeFiles/cmTC_5f941.dir/build.make:66: CMakeFiles/cmTC_5f941.dir/CheckSymbolExists.c.o] Error 1
gmake[1]: Leaving directory '/root/dev/freeDiameter/fDbuild/CMakeFiles/CMakeTmp'
gmake: *** [Makefile:126: cmTC_5f941/fast] Error 2

File /root/dev/freeDiameter/fDbuild/CMakeFiles/CMakeTmp/CheckSymbolExists.c:
/* */

int main(int argc, char** argv)
{
  (void)argv;
#ifndef ntohll
  return ((int*)(&ntohll))[argc];
#else
  (void)argc;
  return 0;
#endif
}

Determining if the pthread_create exist failed with the following output:
Change Dir: /root/dev/freeDiameter/fDbuild/CMakeFiles/CMakeTmp

Run Build Command:"/usr/bin/gmake" "cmTC_62d38/fast"
/usr/bin/gmake -f CMakeFiles/cmTC_62d38.dir/build.make CMakeFiles/cmTC_62d38.dir/build
gmake[1]: Entering directory '/root/dev/freeDiameter/fDbuild/CMakeFiles/CMakeTmp'
Building C object CMakeFiles/cmTC_62d38.dir/CheckSymbolExists.c.o
/usr/bin/cc     -o CMakeFiles/cmTC_62d38.dir/CheckSymbolExists.c.o   -c /root/dev/freeDiameter/fDbuild/CMakeFiles/CMakeTmp/CheckSymbolExists.c
Linking C executable cmTC_62d38
/usr/bin/cmake -E cmake_link_script CMakeFiles/cmTC_62d38.dir/link.txt --verbose=1
/usr/bin/cc       CMakeFiles/cmTC_62d38.dir/CheckSymbolExists.c.o  -o cmTC_62d38 -rdynamic 
CMakeFiles/cmTC_62d38.dir/CheckSymbolExists.c.o: In function `main':
CheckSymbolExists.c:(.text+0x16): undefined reference to `pthread_create'
collect2: error: ld returned 1 exit status
gmake[1]: *** [CMakeFiles/cmTC_62d38.dir/build.make:98: cmTC_62d38] Error 1
gmake[1]: Leaving directory '/root/dev/freeDiameter/fDbuild/CMakeFiles/CMakeTmp'
gmake: *** [Makefile:126: cmTC_62d38/fast] Error 2

File /root/dev/freeDiameter/fDbuild/CMakeFiles/CMakeTmp/CheckSymbolExists.c:
/* */
#include <pthread.h>

int main(int argc, char** argv)
{
  (void)argv;
#ifndef pthread_create
  return ((int*)(&pthread_create))[argc];
#else
  (void)argc;
  return 0;
#endif
}

Determining if the function pthread_create exists in the pthreads failed with the following output:
Change Dir: /root/dev/freeDiameter/fDbuild/CMakeFiles/CMakeTmp

Run Build Command:"/usr/bin/gmake" "cmTC_76764/fast"
/usr/bin/gmake -f CMakeFiles/cmTC_76764.dir/build.make CMakeFiles/cmTC_76764.dir/build
gmake[1]: Entering directory '/root/dev/freeDiameter/fDbuild/CMakeFiles/CMakeTmp'
Building C object CMakeFiles/cmTC_76764.dir/CheckFunctionExists.c.o
/usr/bin/cc    -DCHECK_FUNCTION_EXISTS=pthread_create   -o CMakeFiles/cmTC_76764.dir/CheckFunctionExists.c.o   -c /usr/share/cmake/Modules/CheckFunctionExists.c
Linking C executable cmTC_76764
/usr/bin/cmake -E cmake_link_script CMakeFiles/cmTC_76764.dir/link.txt --verbose=1
/usr/bin/cc   -DCHECK_FUNCTION_EXISTS=pthread_create    CMakeFiles/cmTC_76764.dir/CheckFunctionExists.c.o  -o cmTC_76764 -rdynamic -lpthreads 
/usr/lib/gcc/x86_64-pc-linux-gnu/4.9.4/../../../../x86_64-pc-linux-gnu/bin/ld: cannot find -lpthreads
collect2: error: ld returned 1 exit status
gmake[1]: *** [CMakeFiles/cmTC_76764.dir/build.make:98: cmTC_76764] Error 1
gmake[1]: Leaving directory '/root/dev/freeDiameter/fDbuild/CMakeFiles/CMakeTmp'
gmake: *** [Makefile:126: cmTC_76764/fast] Error 2


